<?xml version="1.0" encoding="UTF-8"?>
<!-- Generated by org.testng.reporters.JUnitReportReporter -->
<testsuite name="com.qa.automate.Autodemo" tests="1" time="11.373" ignored="0" failures="0" timestamp="06 May 2021 06:17:03 GMT" skipped="0" hostname="LAPTOP-SLDDK136" errors="0">
  <testcase name="getdone" time="11.373" classname="com.qa.automate.Autodemo"/>
</testsuite> <!-- com.qa.automate.Autodemo -->
